('filePath: ', 'euroTry.txt')
('k: ', 4)
('t: ', 4)
('data=', (571201.0, 676146.0))
('data=', (577084.0, 679116.0))
('data=', (581673.0, 683608.0))
('data=', (601290.0, 698926.0))
('data=', (578671.0, 667073.0))
('data=', (567871.0, 657345.0))
('data=', (570850.0, 670498.0))
('data=', (562037.0, 655326.0))
('data=', (575516.0, 679979.0))
('data=', (578609.0, 680651.0))
('pre_cost: ', 269032134395.0)
Starting parallel python with 4 CPUs and 4 working tasks
Job execution statistics:
 job count | % of all jobs | job time sum | time per job | job server
         4 |        100.00 |       0.0000 |     0.000000 | local
Time elapsed since server creation 0.0222561359406
4 active tasks, 4 cores

('current_cost: ', 135507068458.0)
('iter_count: ', 1)
Job execution statistics:
 job count | % of all jobs | job time sum | time per job | job server
         8 |        100.00 |       9.4719 |     1.183988 | local
Time elapsed since server creation 4.1664891243
4 active tasks, 4 cores

('current_cost: ', 122634820013.0)
('iter_count: ', 2)
Job execution statistics:
 job count | % of all jobs | job time sum | time per job | job server
        12 |        100.00 |      18.9477 |     1.578978 | local
Time elapsed since server creation 8.47332000732
4 active tasks, 4 cores

('current_cost: ', 112774317623.0)
('iter_count: ', 3)
Job execution statistics:
 job count | % of all jobs | job time sum | time per job | job server
        16 |        100.00 |      28.5242 |     1.782762 | local
Time elapsed since server creation 12.9309751987
4 active tasks, 4 cores

('current_cost: ', 105383625247.0)
('iter_count: ', 4)
Job execution statistics:
 job count | % of all jobs | job time sum | time per job | job server
        20 |        100.00 |      38.1533 |     1.907663 | local
Time elapsed since server creation 17.4373981953
4 active tasks, 4 cores

('current_cost: ', 100509837163.0)
('iter_count: ', 5)
Job execution statistics:
 job count | % of all jobs | job time sum | time per job | job server
        24 |        100.00 |      47.7891 |     1.991214 | local
Time elapsed since server creation 22.9274010658
4 active tasks, 4 cores

('current_cost: ', 97679577209.0)
('iter_count: ', 6)
Job execution statistics:
 job count | % of all jobs | job time sum | time per job | job server
        28 |        100.00 |      57.4269 |     2.050961 | local
Time elapsed since server creation 28.5440790653
4 active tasks, 4 cores

('current_cost: ', 96912560595.0)
('iter_count: ', 7)
Job execution statistics:
 job count | % of all jobs | job time sum | time per job | job server
        32 |        100.00 |      67.0568 |     2.095525 | local
Time elapsed since server creation 34.0019462109
4 active tasks, 4 cores

('current_cost: ', 95772403335.0)
('iter_count: ', 8)
Job execution statistics:
 job count | % of all jobs | job time sum | time per job | job server
        36 |        100.00 |      76.6828 |     2.130079 | local
Time elapsed since server creation 39.2038881779
4 active tasks, 4 cores

('current_cost: ', 94987952024.0)
('iter_count: ', 9)
Job execution statistics:
 job count | % of all jobs | job time sum | time per job | job server
        40 |        100.00 |      86.2844 |     2.157110 | local
Time elapsed since server creation 44.3967461586
4 active tasks, 4 cores

('current_cost: ', 94275157183.0)
('iter_count: ', 10)
Job execution statistics:
 job count | % of all jobs | job time sum | time per job | job server
        44 |        100.00 |      95.9004 |     2.179555 | local
Time elapsed since server creation 49.396281004
4 active tasks, 4 cores

('current_cost: ', 92655233233.0)
('iter_count: ', 11)
Job execution statistics:
 job count | % of all jobs | job time sum | time per job | job server
        48 |        100.00 |     105.5304 |     2.198549 | local
Time elapsed since server creation 54.5892910957
4 active tasks, 4 cores

('current_cost: ', 91865833485.0)
('iter_count: ', 12)
Job execution statistics:
 job count | % of all jobs | job time sum | time per job | job server
        52 |        100.00 |     115.1486 |     2.214396 | local
Time elapsed since server creation 59.4005811214
4 active tasks, 4 cores

('current_cost: ', 91277895931.0)
('iter_count: ', 13)
Job execution statistics:
 job count | % of all jobs | job time sum | time per job | job server
        56 |        100.00 |     124.7469 |     2.227623 | local
Time elapsed since server creation 63.8688971996
4 active tasks, 4 cores

('current_cost: ', 91072943907.0)
('iter_count: ', 14)
Job execution statistics:
 job count | % of all jobs | job time sum | time per job | job server
        60 |        100.00 |     134.3969 |     2.239949 | local
Time elapsed since server creation 68.333990097
4 active tasks, 4 cores

('current_cost: ', 90664619851.0)
('iter_count: ', 15)
Job execution statistics:
 job count | % of all jobs | job time sum | time per job | job server
        64 |        100.00 |     144.0373 |     2.250583 | local
Time elapsed since server creation 72.970359087
4 active tasks, 4 cores

('current_cost: ', 90376931733.0)
('iter_count: ', 16)
Job execution statistics:
 job count | % of all jobs | job time sum | time per job | job server
        68 |        100.00 |     153.6708 |     2.259865 | local
Time elapsed since server creation 77.3925909996
4 active tasks, 4 cores

('current_cost: ', 90264588145.0)
('iter_count: ', 17)
Job execution statistics:
 job count | % of all jobs | job time sum | time per job | job server
        72 |        100.00 |     163.2948 |     2.267983 | local
Time elapsed since server creation 81.502259016
4 active tasks, 4 cores

('current_cost: ', 90228058481.0)
('iter_count: ', 18)
Job execution statistics:
 job count | % of all jobs | job time sum | time per job | job server
        76 |        100.00 |     172.9332 |     2.275437 | local
Time elapsed since server creation 85.5130081177
4 active tasks, 4 cores

('current_cost: ', 90228058481.0)
('iter_count: ', 19)
('best_time: ', 89.80295515060425)
('best_cost: ', 90228058481.0)
('best_choice: ', [49, 229, 638, 793])
('best_medoids: ', {49: [7, 22, 23, 24, 49, 50, 60, 80, 84, 102, 115, 125, 127, 128, 150, 159, 160, 163, 164, 165, 182, 190, 191, 193, 194, 204, 205, 206, 208, 216, 217, 219, 220, 221, 222, 227, 236, 249, 287, 288, 290, 300, 303, 304, 305, 306, 321, 322, 323, 324, 334, 335, 338, 339, 341, 342, 351, 352, 353, 368, 374, 377, 380, 381, 382, 389, 415, 421, 430, 434, 436, 443, 444, 451, 469, 482, 485, 490, 492, 493, 495, 497, 498, 499, 510, 511, 512, 513, 528, 532, 533, 618, 810, 877, 878, 900, 954, 979], 229: [4, 5, 13, 14, 15, 16, 17, 19, 20, 21, 25, 30, 31, 32, 33, 34, 35, 36, 38, 39, 40, 41, 44, 45, 46, 51, 52, 53, 54, 55, 56, 57, 58, 59, 61, 62, 63, 64, 70, 71, 73, 74, 75, 79, 83, 85, 86, 89, 90, 92, 93, 94, 95, 96, 98, 99, 100, 101, 103, 104, 105, 106, 107, 108, 109, 110, 111, 112, 113, 114, 116, 117, 118, 119, 120, 121, 124, 126, 129, 130, 131, 132, 133, 134, 151, 152, 153, 154, 155, 156, 157, 158, 161, 162, 167, 168, 169, 170, 171, 172, 173, 189, 192, 195, 196, 197, 198, 203, 209, 210, 211, 212, 215, 218, 223, 224, 225, 226, 229, 230, 231, 232, 235, 237, 238, 240, 241, 242, 248, 250, 269, 270, 271, 276, 278, 282, 284, 286, 289, 291, 293, 299, 301, 302, 307, 308, 309, 310, 311, 315, 316, 317, 318, 319, 320, 329, 330, 331, 332, 333, 336, 337, 340, 343, 344, 347, 348, 349, 350, 354, 355, 356, 357, 358, 366, 367, 369, 370, 371, 372, 375, 383, 384, 385, 386, 387, 388, 390, 391, 398, 399, 400, 401, 402, 406, 407, 408, 412, 414, 416, 417, 422, 423, 424, 425, 427, 428, 429, 431, 432, 433, 435, 437, 438, 439, 445, 446, 447, 450, 452, 453, 454, 455, 466, 467, 468, 470, 471, 472, 475, 480, 481, 483, 487, 491, 494, 496, 500, 504, 505, 507, 508, 509, 515, 516, 520, 524, 527, 529, 534, 537, 543, 544, 545, 546, 547, 548, 549, 550, 551, 552, 555, 556, 557, 558, 559, 560, 564, 565, 567, 568, 569, 571, 572, 573, 577, 583, 588, 591, 593, 595, 597, 612, 613, 614, 615, 617, 624, 625, 626, 632, 637, 645, 648, 657, 674, 682, 690, 697, 703, 720, 729, 734, 739, 744, 747, 749, 750, 753, 755, 757, 760, 761, 762, 799, 800, 801, 803, 806, 811, 813, 814, 815, 816, 817, 818, 820, 821, 822, 823, 824, 825, 826, 827, 828, 829, 831, 834, 835, 836, 837, 838, 845, 846, 847, 848, 849, 850, 851, 852, 854, 855, 860, 861, 865, 866, 873, 879, 885, 886, 888, 889, 890, 891, 892, 894, 896, 897, 898, 899, 901, 902, 904, 905, 906, 907, 908, 914, 915, 917, 918, 919, 922, 924, 932, 933, 934, 935, 936, 937, 951, 955, 957, 958, 961, 963, 965, 966, 967, 969, 970, 971, 973, 974, 975, 976, 978, 980, 981, 982, 983, 984, 987, 989, 990, 991, 994, 995, 999], 638: [0, 1, 2, 6, 8, 9, 11, 12, 18, 26, 27, 28, 29, 37, 42, 43, 47, 48, 65, 66, 67, 68, 69, 72, 76, 78, 81, 82, 87, 88, 91, 97, 122, 123, 135, 137, 140, 145, 146, 147, 148, 149, 166, 174, 175, 176, 180, 181, 183, 186, 187, 199, 202, 207, 213, 214, 228, 233, 234, 239, 243, 244, 245, 246, 247, 251, 252, 253, 254, 255, 256, 257, 258, 259, 260, 261, 263, 264, 267, 268, 272, 274, 275, 277, 279, 280, 281, 283, 285, 292, 294, 312, 313, 325, 326, 327, 328, 345, 359, 360, 363, 364, 365, 373, 378, 379, 392, 393, 394, 396, 397, 403, 404, 405, 409, 413, 418, 420, 426, 440, 441, 442, 448, 449, 456, 458, 459, 460, 461, 462, 463, 464, 465, 473, 474, 476, 477, 479, 484, 486, 488, 489, 501, 502, 503, 506, 514, 517, 519, 521, 523, 525, 526, 530, 531, 535, 536, 538, 542, 553, 554, 561, 562, 563, 566, 570, 574, 575, 576, 578, 579, 580, 581, 582, 584, 585, 586, 587, 589, 590, 592, 594, 596, 598, 599, 600, 601, 602, 603, 604, 605, 606, 608, 609, 610, 611, 616, 619, 620, 621, 622, 623, 627, 628, 629, 630, 631, 633, 634, 635, 636, 638, 639, 641, 642, 643, 646, 647, 649, 650, 651, 652, 653, 654, 655, 656, 658, 659, 660, 661, 662, 663, 664, 665, 667, 668, 670, 671, 672, 673, 675, 676, 677, 679, 680, 681, 683, 684, 685, 686, 687, 688, 689, 691, 692, 693, 694, 695, 696, 698, 699, 700, 701, 704, 705, 706, 707, 708, 709, 710, 711, 713, 714, 715, 716, 718, 719, 721, 723, 724, 725, 726, 727, 728, 730, 731, 732, 733, 735, 736, 737, 738, 740, 741, 742, 743, 745, 746, 748, 751, 752, 754, 756, 758, 759, 763, 764, 765, 772, 773, 777, 778, 779, 780, 781, 782, 783, 784, 785, 786, 787, 795, 802, 804, 805, 807, 808, 809, 812, 819, 830, 832, 833, 839, 840, 841, 842, 843, 844, 853, 856, 857, 858, 859, 862, 864, 867, 868, 869, 870, 871, 872, 874, 875, 876, 880, 881, 883, 884, 887, 893, 895, 903, 909, 910, 911, 912, 913, 916, 920, 921, 923, 925, 926, 927, 928, 930, 931, 938, 939, 942, 945, 946, 947, 948, 949, 950, 952, 953, 956, 959, 960, 962, 964, 968, 972, 977, 985, 986, 988, 992, 993, 996, 997, 998], 793: [3, 10, 77, 136, 138, 139, 141, 142, 143, 144, 177, 178, 179, 184, 185, 188, 200, 201, 262, 265, 266, 273, 295, 296, 297, 298, 314, 346, 361, 362, 376, 395, 410, 411, 419, 457, 478, 518, 522, 539, 540, 541, 607, 640, 644, 666, 669, 678, 702, 712, 717, 722, 766, 767, 768, 769, 770, 771, 774, 775, 776, 788, 789, 790, 791, 792, 793, 794, 796, 797, 798, 863, 882, 929, 940, 941, 943, 944]})
